Started GET "/" for 127.0.0.1 at 2018-09-23 16:54:47 +0200
  [1m[35m (24.4ms)[0m  [1m[34mSELECT "schema_migrations"."version" FROM "schema_migrations" ORDER BY "schema_migrations"."version" ASC[0m
Processing by PagesController#home as HTML
  Rendering pages/home.html.erb within layouts/application
  Rendered pages/home.html.erb within layouts/application (8222.1ms)
[Webpacker] Compiling…
[Webpacker] Compilation failed:
Hash: 8df00eae42940bf5ae61
Version: webpack 3.11.0
Time: 1568ms
                                  Asset       Size  Chunks                    Chunk Names
    application-0982d59920816e3e93c3.js     599 kB       0  [emitted]  [big]  application
            map-56aec71e0bcf1bf78754.js     346 kB       1  [emitted]  [big]  map
application-0982d59920816e3e93c3.js.map     738 kB       0  [emitted]         application
        map-56aec71e0bcf1bf78754.js.map     448 kB       1  [emitted]         map
                          manifest.json  250 bytes          [emitted]         
   [1] ./app/javascript/packs/application.js 497 bytes {0} [built]
  [16] ./app/javascript/plugins/flatpickr.js 291 bytes {0} [built]
  [32] ./app/javascript/packs/map.js 3.16 kB {1} [built]
    + 37 hidden modules

ERROR in ./node_modules/css-loader??ref--1-2!./node_modules/postcss-loader/lib??ref--1-3!./node_modules/flatpickr/dist/flatpickr.min.css
Module build failed: Error: No PostCSS Config found in: /Users/xgastaud/code/xgastaud/endurace2/.postcssrc.yml
    at /Users/xgastaud/code/xgastaud/endurace2/node_modules/postcss-load-config/index.js:51:26
    at <anonymous>
 @ ./node_modules/flatpickr/dist/flatpickr.min.css 2:14-126
 @ ./app/javascript/plugins/flatpickr.js
 @ ./app/javascript/packs/application.js

ERROR in ./node_modules/css-loader??ref--2-2!./node_modules/postcss-loader/lib??ref--2-3!./node_modules/sass-loader/lib/loader.js??ref--2-4!./node_modules/selectric/src/selectric.scss
Module build failed: Error: No PostCSS Config found in: /Users/xgastaud/code/xgastaud/endurace2/.postcssrc.yml
    at /Users/xgastaud/code/xgastaud/endurace2/node_modules/postcss-load-config/index.js:51:26
    at <anonymous>
 @ ./node_modules/selectric/src/selectric.scss 2:14-165
 @ ./app/javascript/components/selectric.js
 @ ./app/javascript/packs/application.js

ERROR in ./node_modules/css-loader??ref--2-2!./node_modules/postcss-loader/lib??ref--2-3!./node_modules/sass-loader/lib/loader.js??ref--2-4!./node_modules/bootstrap-slider/src/sass/bootstrap-slider.scss
Module build failed: Error: No PostCSS Config found in: /Users/xgastaud/code/xgastaud/endurace2/.postcssrc.yml
    at /Users/xgastaud/code/xgastaud/endurace2/node_modules/postcss-load-config/index.js:51:26
    at <anonymous>
 @ ./node_modules/bootstrap-slider/src/sass/bootstrap-slider.scss 2:14-181
 @ ./app/javascript/components/filter.js
 @ ./app/javascript/packs/application.js

ERROR in ./node_modules/flatpickr/dist/flatpickr.min.css
Module build failed: ModuleBuildError: Module build failed: Error: No PostCSS Config found in: /Users/xgastaud/code/xgastaud/endurace2/.postcssrc.yml
    at /Users/xgastaud/code/xgastaud/endurace2/node_modules/postcss-load-config/index.js:51:26
    at <anonymous>
    at runLoaders (/Users/xgastaud/code/xgastaud/endurace2/node_modules/webpack/lib/NormalModule.js:195:19)
    at /Users/xgastaud/code/xgastaud/endurace2/node_modules/loader-runner/lib/LoaderRunner.js:364:11
    at /Users/xgastaud/code/xgastaud/endurace2/node_modules/loader-runner/lib/LoaderRunner.js:230:18
    at context.callback (/Users/xgastaud/code/xgastaud/endurace2/node_modules/loader-runner/lib/LoaderRunner.js:111:13)
    at Promise.resolve.then.then.catch (/Users/xgastaud/code/xgastaud/endurace2/node_modules/postcss-loader/lib/index.js:196:71)
    at <anonymous>
 @ ./node_modules/flatpickr/dist/flatpickr.min.css
 @ ./app/javascript/plugins/flatpickr.js
 @ ./app/javascript/packs/application.js

ERROR in ./node_modules/selectric/src/selectric.scss
Module build failed: ModuleBuildError: Module build failed: Error: No PostCSS Config found in: /Users/xgastaud/code/xgastaud/endurace2/.postcssrc.yml
    at /Users/xgastaud/code/xgastaud/endurace2/node_modules/postcss-load-config/index.js:51:26
    at <anonymous>
    at runLoaders (/Users/xgastaud/code/xgastaud/endurace2/node_modules/webpack/lib/NormalModule.js:195:19)
    at /Users/xgastaud/code/xgastaud/endurace2/node_modules/loader-runner/lib/LoaderRunner.js:364:11
    at /Users/xgastaud/code/xgastaud/endurace2/node_modules/loader-runner/lib/LoaderRunner.js:230:18
    at context.callback (/Users/xgastaud/code/xgastaud/endurace2/node_modules/loader-runner/lib/LoaderRunner.js:111:13)
    at Promise.resolve.then.then.catch (/Users/xgastaud/code/xgastaud/endurace2/node_modules/postcss-loader/lib/index.js:196:71)
    at <anonymous>
 @ ./node_modules/selectric/src/selectric.scss
 @ ./app/javascript/components/selectric.js
 @ ./app/javascript/packs/application.js

ERROR in ./node_modules/bootstrap-slider/src/sass/bootstrap-slider.scss
Module build failed: ModuleBuildError: Module build failed: Error: No PostCSS Config found in: /Users/xgastaud/code/xgastaud/endurace2/.postcssrc.yml
    at /Users/xgastaud/code/xgastaud/endurace2/node_modules/postcss-load-config/index.js:51:26
    at <anonymous>
    at runLoaders (/Users/xgastaud/code/xgastaud/endurace2/node_modules/webpack/lib/NormalModule.js:195:19)
    at /Users/xgastaud/code/xgastaud/endurace2/node_modules/loader-runner/lib/LoaderRunner.js:364:11
    at /Users/xgastaud/code/xgastaud/endurace2/node_modules/loader-runner/lib/LoaderRunner.js:230:18
    at context.callback (/Users/xgastaud/code/xgastaud/endurace2/node_modules/loader-runner/lib/LoaderRunner.js:111:13)
    at Promise.resolve.then.then.catch (/Users/xgastaud/code/xgastaud/endurace2/node_modules/postcss-loader/lib/index.js:196:71)
    at <anonymous>
 @ ./node_modules/bootstrap-slider/src/sass/bootstrap-slider.scss
 @ ./app/javascript/components/filter.js
 @ ./app/javascript/packs/application.js
Child extract-text-webpack-plugin node_modules/extract-text-webpack-plugin/dist node_modules/css-loader/index.js??ref--1-2!node_modules/postcss-loader/lib/index.js??ref--1-3!node_modules/flatpickr/dist/flatpickr.min.css:
       1 module
    
    ERROR in ./node_modules/css-loader??ref--1-2!./node_modules/postcss-loader/lib??ref--1-3!./node_modules/flatpickr/dist/flatpickr.min.css
    Module build failed: Error: No PostCSS Config found in: /Users/xgastaud/code/xgastaud/endurace2/.postcssrc.yml
        at /Users/xgastaud/code/xgastaud/endurace2/node_modules/postcss-load-config/index.js:51:26
        at <anonymous>
Child extract-text-webpack-plugin node_modules/extract-text-webpack-plugin/dist node_modules/css-loader/index.js??ref--2-2!node_modules/postcss-loader/lib/index.js??ref--2-3!node_modules/sass-loader/lib/loader.js??ref--2-4!node_modules/selectric/src/selectric.scss:
       1 module
    
    ERROR in ./node_modules/css-loader??ref--2-2!./node_modules/postcss-loader/lib??ref--2-3!./node_modules/sass-loader/lib/loader.js??ref--2-4!./node_modules/selectric/src/selectric.scss
    Module build failed: Error: No PostCSS Config found in: /Users/xgastaud/code/xgastaud/endurace2/.postcssrc.yml
        at /Users/xgastaud/code/xgastaud/endurace2/node_modules/postcss-load-config/index.js:51:26
        at <anonymous>
Child extract-text-webpack-plugin node_modules/extract-text-webpack-plugin/dist node_modules/css-loader/index.js??ref--2-2!node_modules/postcss-loader/lib/index.js??ref--2-3!node_modules/sass-loader/lib/loader.js??ref--2-4!node_modules/bootstrap-slider/src/sass/bootstrap-slider.scss:
       1 module
    
    ERROR in ./node_modules/css-loader??ref--2-2!./node_modules/postcss-loader/lib??ref--2-3!./node_modules/sass-loader/lib/loader.js??ref--2-4!./node_modules/bootstrap-slider/src/sass/bootstrap-slider.scss
    Module build failed: Error: No PostCSS Config found in: /Users/xgastaud/code/xgastaud/endurace2/.postcssrc.yml
        at /Users/xgastaud/code/xgastaud/endurace2/node_modules/postcss-load-config/index.js:51:26
        at <anonymous>


Completed 500 Internal Server Error in 11157ms (ActiveRecord: 0.0ms)


  
ActionView::Template::Error (Webpacker can't find application.css in /Users/xgastaud/code/xgastaud/endurace2/public/packs/manifest.json. Possible causes:
1. You want to set webpacker.yml value of compile to true for your environment
   unless you are using the `webpack -w` or the webpack-dev-server.
2. webpack has not yet re-run to reflect updates.
3. You have misconfigured Webpacker's config/webpacker.yml file.
4. Your webpack configuration is not creating a manifest.
Your manifest contains:
{
  "application.js": "/packs/application-0982d59920816e3e93c3.js",
  "application.js.map": "/packs/application-0982d59920816e3e93c3.js.map",
  "map.js": "/packs/map-56aec71e0bcf1bf78754.js",
  "map.js.map": "/packs/map-56aec71e0bcf1bf78754.js.map"
}
):
     6:     <%= csrf_meta_tags %>
     7:     <%= action_cable_meta_tag %>
     8:     <%= stylesheet_link_tag 'application', media: 'all' %>
     9:     <%= stylesheet_pack_tag 'application' %>
    10:     <%= favicon_link_tag %>
    11:     <%#= stylesheet_pack_tag 'application', media: 'all' %> <!-- Uncomment if you import CSS in app/javascript/packs/application.js -->
    12: 
  
app/views/layouts/application.html.erb:9:in `_app_views_layouts_application_html_erb___3238164437660374511_70363234820500'
Started GET "/" for 127.0.0.1 at 2018-09-23 17:00:41 +0200
  [1m[35m (3.0ms)[0m  [1m[34mSELECT "schema_migrations"."version" FROM "schema_migrations" ORDER BY "schema_migrations"."version" ASC[0m
Processing by PagesController#home as HTML
  Rendering pages/home.html.erb within layouts/application
  Rendered pages/home.html.erb within layouts/application (1559.3ms)
[Webpacker] Compiling…
[Webpacker] Compilation failed:
Hash: 8df00eae42940bf5ae61
Version: webpack 3.11.0
Time: 1481ms
                                  Asset       Size  Chunks                    Chunk Names
    application-0982d59920816e3e93c3.js     599 kB       0  [emitted]  [big]  application
            map-56aec71e0bcf1bf78754.js     346 kB       1  [emitted]  [big]  map
application-0982d59920816e3e93c3.js.map     738 kB       0  [emitted]         application
        map-56aec71e0bcf1bf78754.js.map     448 kB       1  [emitted]         map
                          manifest.json  250 bytes          [emitted]         
   [1] ./app/javascript/packs/application.js 497 bytes {0} [built]
  [16] ./app/javascript/plugins/flatpickr.js 291 bytes {0} [built]
  [32] ./app/javascript/packs/map.js 3.16 kB {1} [built]
    + 37 hidden modules

ERROR in ./node_modules/css-loader??ref--1-2!./node_modules/postcss-loader/lib??ref--1-3!./node_modules/flatpickr/dist/flatpickr.min.css
Module build failed: Error: No PostCSS Config found in: /Users/xgastaud/code/xgastaud/endurace2/.postcssrc.yml
    at /Users/xgastaud/code/xgastaud/endurace2/node_modules/postcss-load-config/index.js:51:26
    at <anonymous>
 @ ./node_modules/flatpickr/dist/flatpickr.min.css 2:14-126
 @ ./app/javascript/plugins/flatpickr.js
 @ ./app/javascript/packs/application.js

ERROR in ./node_modules/css-loader??ref--2-2!./node_modules/postcss-loader/lib??ref--2-3!./node_modules/sass-loader/lib/loader.js??ref--2-4!./node_modules/selectric/src/selectric.scss
Module build failed: Error: No PostCSS Config found in: /Users/xgastaud/code/xgastaud/endurace2/.postcssrc.yml
    at /Users/xgastaud/code/xgastaud/endurace2/node_modules/postcss-load-config/index.js:51:26
    at <anonymous>
 @ ./node_modules/selectric/src/selectric.scss 2:14-165
 @ ./app/javascript/components/selectric.js
 @ ./app/javascript/packs/application.js

ERROR in ./node_modules/css-loader??ref--2-2!./node_modules/postcss-loader/lib??ref--2-3!./node_modules/sass-loader/lib/loader.js??ref--2-4!./node_modules/bootstrap-slider/src/sass/bootstrap-slider.scss
Module build failed: Error: No PostCSS Config found in: /Users/xgastaud/code/xgastaud/endurace2/.postcssrc.yml
    at /Users/xgastaud/code/xgastaud/endurace2/node_modules/postcss-load-config/index.js:51:26
    at <anonymous>
 @ ./node_modules/bootstrap-slider/src/sass/bootstrap-slider.scss 2:14-181
 @ ./app/javascript/components/filter.js
 @ ./app/javascript/packs/application.js

ERROR in ./node_modules/flatpickr/dist/flatpickr.min.css
Module build failed: ModuleBuildError: Module build failed: Error: No PostCSS Config found in: /Users/xgastaud/code/xgastaud/endurace2/.postcssrc.yml
    at /Users/xgastaud/code/xgastaud/endurace2/node_modules/postcss-load-config/index.js:51:26
    at <anonymous>
    at runLoaders (/Users/xgastaud/code/xgastaud/endurace2/node_modules/webpack/lib/NormalModule.js:195:19)
    at /Users/xgastaud/code/xgastaud/endurace2/node_modules/loader-runner/lib/LoaderRunner.js:364:11
    at /Users/xgastaud/code/xgastaud/endurace2/node_modules/loader-runner/lib/LoaderRunner.js:230:18
    at context.callback (/Users/xgastaud/code/xgastaud/endurace2/node_modules/loader-runner/lib/LoaderRunner.js:111:13)
    at Promise.resolve.then.then.catch (/Users/xgastaud/code/xgastaud/endurace2/node_modules/postcss-loader/lib/index.js:196:71)
    at <anonymous>
 @ ./node_modules/flatpickr/dist/flatpickr.min.css
 @ ./app/javascript/plugins/flatpickr.js
 @ ./app/javascript/packs/application.js

ERROR in ./node_modules/selectric/src/selectric.scss
Module build failed: ModuleBuildError: Module build failed: Error: No PostCSS Config found in: /Users/xgastaud/code/xgastaud/endurace2/.postcssrc.yml
    at /Users/xgastaud/code/xgastaud/endurace2/node_modules/postcss-load-config/index.js:51:26
    at <anonymous>
    at runLoaders (/Users/xgastaud/code/xgastaud/endurace2/node_modules/webpack/lib/NormalModule.js:195:19)
    at /Users/xgastaud/code/xgastaud/endurace2/node_modules/loader-runner/lib/LoaderRunner.js:364:11
    at /Users/xgastaud/code/xgastaud/endurace2/node_modules/loader-runner/lib/LoaderRunner.js:230:18
    at context.callback (/Users/xgastaud/code/xgastaud/endurace2/node_modules/loader-runner/lib/LoaderRunner.js:111:13)
    at Promise.resolve.then.then.catch (/Users/xgastaud/code/xgastaud/endurace2/node_modules/postcss-loader/lib/index.js:196:71)
    at <anonymous>
 @ ./node_modules/selectric/src/selectric.scss
 @ ./app/javascript/components/selectric.js
 @ ./app/javascript/packs/application.js

ERROR in ./node_modules/bootstrap-slider/src/sass/bootstrap-slider.scss
Module build failed: ModuleBuildError: Module build failed: Error: No PostCSS Config found in: /Users/xgastaud/code/xgastaud/endurace2/.postcssrc.yml
    at /Users/xgastaud/code/xgastaud/endurace2/node_modules/postcss-load-config/index.js:51:26
    at <anonymous>
    at runLoaders (/Users/xgastaud/code/xgastaud/endurace2/node_modules/webpack/lib/NormalModule.js:195:19)
    at /Users/xgastaud/code/xgastaud/endurace2/node_modules/loader-runner/lib/LoaderRunner.js:364:11
    at /Users/xgastaud/code/xgastaud/endurace2/node_modules/loader-runner/lib/LoaderRunner.js:230:18
    at context.callback (/Users/xgastaud/code/xgastaud/endurace2/node_modules/loader-runner/lib/LoaderRunner.js:111:13)
    at Promise.resolve.then.then.catch (/Users/xgastaud/code/xgastaud/endurace2/node_modules/postcss-loader/lib/index.js:196:71)
    at <anonymous>
 @ ./node_modules/bootstrap-slider/src/sass/bootstrap-slider.scss
 @ ./app/javascript/components/filter.js
 @ ./app/javascript/packs/application.js
Child extract-text-webpack-plugin node_modules/extract-text-webpack-plugin/dist node_modules/css-loader/index.js??ref--1-2!node_modules/postcss-loader/lib/index.js??ref--1-3!node_modules/flatpickr/dist/flatpickr.min.css:
       1 module
    
    ERROR in ./node_modules/css-loader??ref--1-2!./node_modules/postcss-loader/lib??ref--1-3!./node_modules/flatpickr/dist/flatpickr.min.css
    Module build failed: Error: No PostCSS Config found in: /Users/xgastaud/code/xgastaud/endurace2/.postcssrc.yml
        at /Users/xgastaud/code/xgastaud/endurace2/node_modules/postcss-load-config/index.js:51:26
        at <anonymous>
Child extract-text-webpack-plugin node_modules/extract-text-webpack-plugin/dist node_modules/css-loader/index.js??ref--2-2!node_modules/postcss-loader/lib/index.js??ref--2-3!node_modules/sass-loader/lib/loader.js??ref--2-4!node_modules/selectric/src/selectric.scss:
       1 module
    
    ERROR in ./node_modules/css-loader??ref--2-2!./node_modules/postcss-loader/lib??ref--2-3!./node_modules/sass-loader/lib/loader.js??ref--2-4!./node_modules/selectric/src/selectric.scss
    Module build failed: Error: No PostCSS Config found in: /Users/xgastaud/code/xgastaud/endurace2/.postcssrc.yml
        at /Users/xgastaud/code/xgastaud/endurace2/node_modules/postcss-load-config/index.js:51:26
        at <anonymous>
Child extract-text-webpack-plugin node_modules/extract-text-webpack-plugin/dist node_modules/css-loader/index.js??ref--2-2!node_modules/postcss-loader/lib/index.js??ref--2-3!node_modules/sass-loader/lib/loader.js??ref--2-4!node_modules/bootstrap-slider/src/sass/bootstrap-slider.scss:
       1 module
    
    ERROR in ./node_modules/css-loader??ref--2-2!./node_modules/postcss-loader/lib??ref--2-3!./node_modules/sass-loader/lib/loader.js??ref--2-4!./node_modules/bootstrap-slider/src/sass/bootstrap-slider.scss
    Module build failed: Error: No PostCSS Config found in: /Users/xgastaud/code/xgastaud/endurace2/.postcssrc.yml
        at /Users/xgastaud/code/xgastaud/endurace2/node_modules/postcss-load-config/index.js:51:26
        at <anonymous>


Completed 500 Internal Server Error in 4454ms (ActiveRecord: 0.0ms)


  
ActionView::Template::Error (Webpacker can't find application.css in /Users/xgastaud/code/xgastaud/endurace2/public/packs/manifest.json. Possible causes:
1. You want to set webpacker.yml value of compile to true for your environment
   unless you are using the `webpack -w` or the webpack-dev-server.
2. webpack has not yet re-run to reflect updates.
3. You have misconfigured Webpacker's config/webpacker.yml file.
4. Your webpack configuration is not creating a manifest.
Your manifest contains:
{
  "application.js": "/packs/application-0982d59920816e3e93c3.js",
  "application.js.map": "/packs/application-0982d59920816e3e93c3.js.map",
  "map.js": "/packs/map-56aec71e0bcf1bf78754.js",
  "map.js.map": "/packs/map-56aec71e0bcf1bf78754.js.map"
}
):
     6:     <%= csrf_meta_tags %>
     7:     <%= action_cable_meta_tag %>
     8:     <%= stylesheet_link_tag 'application', media: 'all' %>
     9:     <%= stylesheet_pack_tag 'application' %>
    10:     <%= favicon_link_tag %>
    11:     <%#= stylesheet_pack_tag 'application', media: 'all' %> <!-- Uncomment if you import CSS in app/javascript/packs/application.js -->
    12: 
  
app/views/layouts/application.html.erb:9:in `_app_views_layouts_application_html_erb___404137064434251975_70299038547980'
Started GET "/" for 127.0.0.1 at 2018-09-23 17:00:53 +0200
Processing by PagesController#home as HTML
  Rendering pages/home.html.erb within layouts/application
  Rendered pages/home.html.erb within layouts/application (4.3ms)
Completed 500 Internal Server Error in 64ms (ActiveRecord: 0.0ms)


  
ActionView::Template::Error (Webpacker can't find application.css in /Users/xgastaud/code/xgastaud/endurace2/public/packs/manifest.json. Possible causes:
1. You want to set webpacker.yml value of compile to true for your environment
   unless you are using the `webpack -w` or the webpack-dev-server.
2. webpack has not yet re-run to reflect updates.
3. You have misconfigured Webpacker's config/webpacker.yml file.
4. Your webpack configuration is not creating a manifest.
Your manifest contains:
{
  "application.js": "/packs/application-0982d59920816e3e93c3.js",
  "application.js.map": "/packs/application-0982d59920816e3e93c3.js.map",
  "map.js": "/packs/map-56aec71e0bcf1bf78754.js",
  "map.js.map": "/packs/map-56aec71e0bcf1bf78754.js.map"
}
):
     6:     <%= csrf_meta_tags %>
     7:     <%= action_cable_meta_tag %>
     8:     <%= stylesheet_link_tag 'application', media: 'all' %>
     9:     <%= stylesheet_pack_tag 'application' %>
    10:     <%= favicon_link_tag %>
    11:     <%#= stylesheet_pack_tag 'application', media: 'all' %> <!-- Uncomment if you import CSS in app/javascript/packs/application.js -->
    12: 
  
app/views/layouts/application.html.erb:9:in `_app_views_layouts_application_html_erb___404137064434251975_70299029996840'
